Using pre-set license
Built from '2020.3/release' branch; Version is '2020.3.2f1 (8fd9074bf66c) revision 9427207'; Using compiler version '192528614'; Build Type 'Release'
OS: 'Windows 10 Education; OS build 18363.1440; Version 1909; 64bit' Language: 'en' Physical Memory: 16316 MB
BatchMode: 1, IsHumanControllingUs: 0, StartBugReporterOnCrash: 0, Is64bit: 1, IsPro: 0

 COMMAND LINE ARGUMENTS:
C:\Program Files\Unity\Hub\Editor\2020.3.2f1\Editor\Unity.exe
-adb2
-batchMode
-noUpm
-name
AssetImportWorker0
-projectPath
E:/UnityProjects/Vecherom-zavtra-2/Vecherom-zavtra 2
-logFile
Logs/AssetImportWorker0.log
-srvPort
60668
Successfully changed project path to: E:/UnityProjects/Vecherom-zavtra-2/Vecherom-zavtra 2
E:/UnityProjects/Vecherom-zavtra-2/Vecherom-zavtra 2
Using Asset Import Pipeline V2.
Refreshing native plugins compatible for Editor in 44.68 ms, found 1 plugins.
Preloading 0 native plugins for Editor in 0.00 ms.
Initialize engine version: 2020.3.2f1 (8fd9074bf66c)
[Subsystems] Discovering subsystems at path C:/Program Files/Unity/Hub/Editor/2020.3.2f1/Editor/Data/Resources/UnitySubsystems
[Subsystems] Discovering subsystems at path E:/UnityProjects/Vecherom-zavtra-2/Vecherom-zavtra 2/Assets
GfxDevice: creating device client; threaded=0
Direct3D:
    Version:  Direct3D 11.0 [level 11.1]
    Renderer: NVIDIA GeForce GTX 1060 6GB (ID=0x1c03)
    Vendor:   
    VRAM:     6052 MB
    Driver:   26.21.14.3200
Initialize mono
Mono path[0] = 'C:/Program Files/Unity/Hub/Editor/2020.3.2f1/Editor/Data/Managed'
Mono path[1] = 'C:/Program Files/Unity/Hub/Editor/2020.3.2f1/Editor/Data/MonoBleedingEdge/lib/mono/unityjit'
Mono config path = 'C:/Program Files/Unity/Hub/Editor/2020.3.2f1/Editor/Data/MonoBleedingEdge/etc'
Using monoOptions --debugger-agent=transport=dt_socket,embedding=1,server=y,suspend=n,address=127.0.0.1:56152
Begin MonoManager ReloadAssembly
Registering precompiled unity dll's ...
Register platform support module: C:/Program Files/Unity/Hub/Editor/2020.3.2f1/Editor/Data/PlaybackEngines/WindowsStandaloneSupport/UnityEditor.WindowsStandalone.Extensions.dll
Register platform support module: C:/Program Files/Unity/Hub/Editor/2020.3.2f1/Editor/Data/PlaybackEngines/LinuxStandaloneSupport/UnityEditor.LinuxStandalone.Extensions.dll
Registered in 0.002830 seconds.
Native extension for LinuxStandalone target not found
Native extension for WindowsStandalone target not found
Refreshing native plugins compatible for Editor in 49.96 ms, found 1 plugins.
Preloading 0 native plugins for Editor in 0.00 ms.
Invoked RoslynAnalysisRunner static constructor.
RoslynAnalysisRunner will not be running.
RoslynAnalysisRunner has terminated.
Mono: successfully reloaded assembly
- Completed reload, in  2.263 seconds
Platform modules already initialized, skipping
Registering precompiled user dll's ...
Registered in 0.000963 seconds.
Begin MonoManager ReloadAssembly
Native extension for LinuxStandalone target not found
Native extension for WindowsStandalone target not found
Refreshing native plugins compatible for Editor in 49.02 ms, found 1 plugins.
Preloading 0 native plugins for Editor in 0.00 ms.
Invoked RoslynAnalysisRunner static constructor.
RoslynAnalysisRunner will not be running.
RoslynAnalysisRunner has terminated.
Mono: successfully reloaded assembly
- Completed reload, in  1.144 seconds
Platform modules already initialized, skipping
========================================================================
Worker process is ready to serve import requests
Launched and connected shader compiler UnityShaderCompiler.exe after 0.07 seconds
Refreshing native plugins compatible for Editor in 0.68 ms, found 1 plugins.
Preloading 0 native plugins for Editor in 0.00 ms.
Unloading 2261 Unused Serialized files (Serialized files now loaded: 0)
System memory in use before: 100.6 MB.
System memory in use after: 100.7 MB.

Unloading 22 unused Assets to reduce memory usage. Loaded Objects now: 2710.
Total: 2.889700 ms (FindLiveObjects: 0.278600 ms CreateObjectMapping: 0.052500 ms MarkObjects: 2.473900 ms  DeleteObjects: 0.083000 ms)

========================================================================
Received Import Request.
  path: Assets/Scripts/Player/InputMaster.inputactions
  artifactKey: Guid(5db8ec3ee06d80b4abed51d6b2e7c057) Importer(815301076,1909f56bfc062723c751e8b465ee728b)
Start importing Assets/Scripts/Player/InputMaster.inputactions using Guid(5db8ec3ee06d80b4abed51d6b2e7c057) Importer(815301076,1909f56bfc062723c751e8b465ee728b)  -> (artifact id: '2a884d8f0f9d68380db908f083352283') in 0.057353 seconds
  Import took 0.062177 seconds .

========================================================================
Received Import Request.
  Time since last request: 316.526049 seconds.
  path: Assets/Sprites/Background/background.png
  artifactKey: Guid(9fef5ba1d29e3dc4dba11f6c30e5bb07) Importer(815301076,1909f56bfc062723c751e8b465ee728b)
Start importing Assets/Sprites/Background/background.png using Guid(9fef5ba1d29e3dc4dba11f6c30e5bb07) Importer(815301076,1909f56bfc062723c751e8b465ee728b)  -> (artifact id: '4bd3ff41229df59b3d59ea410ee604db') in 0.077569 seconds
  Import took 0.081439 seconds .

========================================================================
Received Import Request.
  Time since last request: 25.077913 seconds.
  path: Assets/Sprites/Background/background.png
  artifactKey: Guid(9fef5ba1d29e3dc4dba11f6c30e5bb07) Importer(815301076,1909f56bfc062723c751e8b465ee728b)
Start importing Assets/Sprites/Background/background.png using Guid(9fef5ba1d29e3dc4dba11f6c30e5bb07) Importer(815301076,1909f56bfc062723c751e8b465ee728b)  -> (artifact id: 'c8e06606e0915a76a3bd7f1949bbd1c2') in 0.026511 seconds
  Import took 0.031270 seconds .

========================================================================
Received Prepare
Registering precompiled user dll's ...
Registered in 0.000911 seconds.
Begin MonoManager ReloadAssembly
Native extension for LinuxStandalone target not found
Native extension for WindowsStandalone target not found
Refreshing native plugins compatible for Editor in 0.48 ms, found 1 plugins.
Preloading 0 native plugins for Editor in 0.00 ms.
Invoked RoslynAnalysisRunner static constructor.
RoslynAnalysisRunner will not be running.
RoslynAnalysisRunner has terminated.
Mono: successfully reloaded assembly
- Completed reload, in  0.977 seconds
Platform modules already initialized, skipping
Refreshing native plugins compatible for Editor in 0.59 ms, found 1 plugins.
Preloading 0 native plugins for Editor in 0.00 ms.
Unloading 2249 Unused Serialized files (Serialized files now loaded: 0)
System memory in use before: 103.2 MB.
System memory in use after: 103.4 MB.

Unloading 8 unused Assets to reduce memory usage. Loaded Objects now: 2720.
Total: 2.442000 ms (FindLiveObjects: 0.341500 ms CreateObjectMapping: 0.053800 ms MarkObjects: 2.026600 ms  DeleteObjects: 0.019200 ms)

========================================================================
Received Prepare
Registering precompiled user dll's ...
Registered in 0.001005 seconds.
Begin MonoManager ReloadAssembly
Native extension for LinuxStandalone target not found
Native extension for WindowsStandalone target not found
Refreshing native plugins compatible for Editor in 0.48 ms, found 1 plugins.
Preloading 0 native plugins for Editor in 0.00 ms.
Invoked RoslynAnalysisRunner static constructor.
RoslynAnalysisRunner will not be running.
RoslynAnalysisRunner has terminated.
Mono: successfully reloaded assembly
- Completed reload, in  0.947 seconds
Platform modules already initialized, skipping
Refreshing native plugins compatible for Editor in 0.50 ms, found 1 plugins.
Preloading 0 native plugins for Editor in 0.00 ms.
Unloading 2249 Unused Serialized files (Serialized files now loaded: 0)
System memory in use before: 103.3 MB.
System memory in use after: 103.4 MB.

Unloading 8 unused Assets to reduce memory usage. Loaded Objects now: 2724.
Total: 2.268100 ms (FindLiveObjects: 0.261800 ms CreateObjectMapping: 0.053600 ms MarkObjects: 1.935600 ms  DeleteObjects: 0.016100 ms)

========================================================================
Received Prepare
Registering precompiled user dll's ...
Registered in 0.001545 seconds.
Begin MonoManager ReloadAssembly
Native extension for LinuxStandalone target not found
Native extension for WindowsStandalone target not found
Refreshing native plugins compatible for Editor in 0.44 ms, found 1 plugins.
Preloading 0 native plugins for Editor in 0.00 ms.
Invoked RoslynAnalysisRunner static constructor.
RoslynAnalysisRunner will not be running.
RoslynAnalysisRunner has terminated.
Mono: successfully reloaded assembly
- Completed reload, in  0.954 seconds
Platform modules already initialized, skipping
Refreshing native plugins compatible for Editor in 0.45 ms, found 1 plugins.
Preloading 0 native plugins for Editor in 0.00 ms.
Unloading 2249 Unused Serialized files (Serialized files now loaded: 0)
System memory in use before: 103.3 MB.
System memory in use after: 103.5 MB.

Unloading 8 unused Assets to reduce memory usage. Loaded Objects now: 2728.
Total: 2.318000 ms (FindLiveObjects: 0.263300 ms CreateObjectMapping: 0.055700 ms MarkObjects: 1.982100 ms  DeleteObjects: 0.016000 ms)

========================================================================
Received Prepare
Registering precompiled user dll's ...
Registered in 0.000923 seconds.
Begin MonoManager ReloadAssembly
Native extension for LinuxStandalone target not found
Native extension for WindowsStandalone target not found
Refreshing native plugins compatible for Editor in 0.48 ms, found 1 plugins.
Preloading 0 native plugins for Editor in 0.00 ms.
Invoked RoslynAnalysisRunner static constructor.
RoslynAnalysisRunner will not be running.
RoslynAnalysisRunner has terminated.
Mono: successfully reloaded assembly
- Completed reload, in  1.011 seconds
Platform modules already initialized, skipping
Refreshing native plugins compatible for Editor in 0.57 ms, found 1 plugins.
Preloading 0 native plugins for Editor in 0.00 ms.
Unloading 2249 Unused Serialized files (Serialized files now loaded: 0)
System memory in use before: 103.3 MB.
System memory in use after: 103.5 MB.

Unloading 8 unused Assets to reduce memory usage. Loaded Objects now: 2732.
Total: 2.480200 ms (FindLiveObjects: 0.264800 ms CreateObjectMapping: 0.060300 ms MarkObjects: 2.139500 ms  DeleteObjects: 0.014800 ms)

========================================================================
Received Prepare
Registering precompiled user dll's ...
Registered in 0.001020 seconds.
Begin MonoManager ReloadAssembly
Native extension for LinuxStandalone target not found
Native extension for WindowsStandalone target not found
Refreshing native plugins compatible for Editor in 0.47 ms, found 1 plugins.
Preloading 0 native plugins for Editor in 0.00 ms.
Invoked RoslynAnalysisRunner static constructor.
RoslynAnalysisRunner will not be running.
RoslynAnalysisRunner has terminated.
Mono: successfully reloaded assembly
- Completed reload, in  0.964 seconds
Platform modules already initialized, skipping
Refreshing native plugins compatible for Editor in 0.47 ms, found 1 plugins.
Preloading 0 native plugins for Editor in 0.00 ms.
Unloading 2249 Unused Serialized files (Serialized files now loaded: 0)
System memory in use before: 103.3 MB.
System memory in use after: 103.5 MB.

Unloading 8 unused Assets to reduce memory usage. Loaded Objects now: 2736.
Total: 3.131800 ms (FindLiveObjects: 0.646900 ms CreateObjectMapping: 0.067600 ms MarkObjects: 2.397500 ms  DeleteObjects: 0.018000 ms)

========================================================================
Received Prepare
Registering precompiled user dll's ...
Registered in 0.000892 seconds.
Begin MonoManager ReloadAssembly
Native extension for LinuxStandalone target not found
Native extension for WindowsStandalone target not found
Refreshing native plugins compatible for Editor in 0.49 ms, found 1 plugins.
Preloading 0 native plugins for Editor in 0.00 ms.
Invoked RoslynAnalysisRunner static constructor.
RoslynAnalysisRunner will not be running.
RoslynAnalysisRunner has terminated.
Mono: successfully reloaded assembly
- Completed reload, in  0.950 seconds
Platform modules already initialized, skipping
Refreshing native plugins compatible for Editor in 0.47 ms, found 1 plugins.
Preloading 0 native plugins for Editor in 0.00 ms.
Unloading 2249 Unused Serialized files (Serialized files now loaded: 0)
System memory in use before: 103.3 MB.
System memory in use after: 103.6 MB.

Unloading 8 unused Assets to reduce memory usage. Loaded Objects now: 2740.
Total: 2.302700 ms (FindLiveObjects: 0.273800 ms CreateObjectMapping: 0.060000 ms MarkObjects: 1.951900 ms  DeleteObjects: 0.016000 ms)

========================================================================
Received Prepare
Registering precompiled user dll's ...
Registered in 0.000968 seconds.
Begin MonoManager ReloadAssembly
Native extension for LinuxStandalone target not found
Native extension for WindowsStandalone target not found
Refreshing native plugins compatible for Editor in 0.60 ms, found 1 plugins.
Preloading 0 native plugins for Editor in 0.00 ms.
Invoked RoslynAnalysisRunner static constructor.
RoslynAnalysisRunner will not be running.
RoslynAnalysisRunner has terminated.
Mono: successfully reloaded assembly
- Completed reload, in  0.958 seconds
Platform modules already initialized, skipping
Refreshing native plugins compatible for Editor in 0.54 ms, found 1 plugins.
Preloading 0 native plugins for Editor in 0.00 ms.
Unloading 2249 Unused Serialized files (Serialized files now loaded: 0)
System memory in use before: 103.4 MB.
System memory in use after: 103.6 MB.

Unloading 8 unused Assets to reduce memory usage. Loaded Objects now: 2744.
Total: 2.633500 ms (FindLiveObjects: 0.273400 ms CreateObjectMapping: 0.060900 ms MarkObjects: 2.280900 ms  DeleteObjects: 0.017100 ms)

========================================================================
Received Prepare
Registering precompiled user dll's ...
Registered in 0.001081 seconds.
Begin MonoManager ReloadAssembly
Native extension for LinuxStandalone target not found
Native extension for WindowsStandalone target not found
Refreshing native plugins compatible for Editor in 0.45 ms, found 1 plugins.
Preloading 0 native plugins for Editor in 0.00 ms.
Invoked RoslynAnalysisRunner static constructor.
RoslynAnalysisRunner will not be running.
RoslynAnalysisRunner has terminated.
Mono: successfully reloaded assembly
- Completed reload, in  1.023 seconds
Platform modules already initialized, skipping
Refreshing native plugins compatible for Editor in 0.58 ms, found 1 plugins.
Preloading 0 native plugins for Editor in 0.00 ms.
Unloading 2249 Unused Serialized files (Serialized files now loaded: 0)
System memory in use before: 103.4 MB.
System memory in use after: 103.6 MB.

Unloading 8 unused Assets to reduce memory usage. Loaded Objects now: 2748.
Total: 4.550100 ms (FindLiveObjects: 0.330100 ms CreateObjectMapping: 0.072000 ms MarkObjects: 4.116100 ms  DeleteObjects: 0.029800 ms)

========================================================================
Received Prepare
Registering precompiled user dll's ...
Registered in 0.000882 seconds.
Begin MonoManager ReloadAssembly
Native extension for LinuxStandalone target not found
Native extension for WindowsStandalone target not found
Refreshing native plugins compatible for Editor in 0.53 ms, found 1 plugins.
Preloading 0 native plugins for Editor in 0.00 ms.
Invoked RoslynAnalysisRunner static constructor.
RoslynAnalysisRunner will not be running.
RoslynAnalysisRunner has terminated.
Mono: successfully reloaded assembly
- Completed reload, in  0.922 seconds
Platform modules already initialized, skipping
Refreshing native plugins compatible for Editor in 0.45 ms, found 1 plugins.
Preloading 0 native plugins for Editor in 0.00 ms.
Unloading 2249 Unused Serialized files (Serialized files now loaded: 0)
System memory in use before: 103.4 MB.
System memory in use after: 103.6 MB.

Unloading 8 unused Assets to reduce memory usage. Loaded Objects now: 2752.
Total: 2.344300 ms (FindLiveObjects: 0.274800 ms CreateObjectMapping: 0.059000 ms MarkObjects: 1.994100 ms  DeleteObjects: 0.015200 ms)

========================================================================
Received Prepare
Registering precompiled user dll's ...
Registered in 0.000941 seconds.
Begin MonoManager ReloadAssembly
Native extension for LinuxStandalone target not found
Native extension for WindowsStandalone target not found
Refreshing native plugins compatible for Editor in 0.75 ms, found 1 plugins.
Preloading 0 native plugins for Editor in 0.00 ms.
Invoked RoslynAnalysisRunner static constructor.
RoslynAnalysisRunner will not be running.
RoslynAnalysisRunner has terminated.
Mono: successfully reloaded assembly
- Completed reload, in  0.986 seconds
Platform modules already initialized, skipping
Refreshing native plugins compatible for Editor in 0.52 ms, found 1 plugins.
Preloading 0 native plugins for Editor in 0.00 ms.
Unloading 2249 Unused Serialized files (Serialized files now loaded: 0)
System memory in use before: 103.4 MB.
System memory in use after: 103.6 MB.

Unloading 8 unused Assets to reduce memory usage. Loaded Objects now: 2756.
Total: 2.650400 ms (FindLiveObjects: 0.294900 ms CreateObjectMapping: 0.062300 ms MarkObjects: 2.274700 ms  DeleteObjects: 0.016800 ms)

========================================================================
Received Prepare
Registering precompiled user dll's ...
Registered in 0.000878 seconds.
Begin MonoManager ReloadAssembly
Native extension for LinuxStandalone target not found
Native extension for WindowsStandalone target not found
Refreshing native plugins compatible for Editor in 0.60 ms, found 1 plugins.
Preloading 0 native plugins for Editor in 0.00 ms.
Invoked RoslynAnalysisRunner static constructor.
RoslynAnalysisRunner will not be running.
RoslynAnalysisRunner has terminated.
Mono: successfully reloaded assembly
- Completed reload, in  1.010 seconds
Platform modules already initialized, skipping
Refreshing native plugins compatible for Editor in 0.47 ms, found 1 plugins.
Preloading 0 native plugins for Editor in 0.00 ms.
Unloading 2249 Unused Serialized files (Serialized files now loaded: 0)
System memory in use before: 103.4 MB.
System memory in use after: 103.6 MB.

Unloading 8 unused Assets to reduce memory usage. Loaded Objects now: 2760.
Total: 2.508700 ms (FindLiveObjects: 0.295100 ms CreateObjectMapping: 0.060600 ms MarkObjects: 2.134000 ms  DeleteObjects: 0.017600 ms)

========================================================================
Received Prepare
Registering precompiled user dll's ...
Registered in 0.000981 seconds.
Begin MonoManager ReloadAssembly
Native extension for LinuxStandalone target not found
Native extension for WindowsStandalone target not found
Refreshing native plugins compatible for Editor in 0.50 ms, found 1 plugins.
Preloading 0 native plugins for Editor in 0.00 ms.
Invoked RoslynAnalysisRunner static constructor.
RoslynAnalysisRunner will not be running.
RoslynAnalysisRunner has terminated.
Mono: successfully reloaded assembly
- Completed reload, in  1.099 seconds
Platform modules already initialized, skipping
Refreshing native plugins compatible for Editor in 0.58 ms, found 1 plugins.
Preloading 0 native plugins for Editor in 0.00 ms.
Unloading 2249 Unused Serialized files (Serialized files now loaded: 0)
System memory in use before: 103.4 MB.
System memory in use after: 103.6 MB.

Unloading 8 unused Assets to reduce memory usage. Loaded Objects now: 2764.
Total: 3.312500 ms (FindLiveObjects: 0.317300 ms CreateObjectMapping: 0.077500 ms MarkObjects: 2.892300 ms  DeleteObjects: 0.023700 ms)

========================================================================
Received Prepare
Refreshing native plugins compatible for Editor in 1.61 ms, found 1 plugins.
Preloading 0 native plugins for Editor in 0.00 ms.
Unloading 5 Unused Serialized files (Serialized files now loaded: 0)
System memory in use before: 59.0 MB.
System memory in use after: 59.2 MB.

Unloading 5 unused Assets to reduce memory usage. Loaded Objects now: 2764.
Total: 3.574900 ms (FindLiveObjects: 0.316400 ms CreateObjectMapping: 0.071800 ms MarkObjects: 3.148900 ms  DeleteObjects: 0.036600 ms)

========================================================================
Received Prepare
Registering precompiled user dll's ...
Registered in 0.001255 seconds.
Begin MonoManager ReloadAssembly
Native extension for LinuxStandalone target not found
Native extension for WindowsStandalone target not found
Refreshing native plugins compatible for Editor in 0.45 ms, found 1 plugins.
Preloading 0 native plugins for Editor in 0.00 ms.
Invoked RoslynAnalysisRunner static constructor.
RoslynAnalysisRunner will not be running.
RoslynAnalysisRunner has terminated.
Mono: successfully reloaded assembly
- Completed reload, in  1.003 seconds
Platform modules already initialized, skipping
Refreshing native plugins compatible for Editor in 0.45 ms, found 1 plugins.
Preloading 0 native plugins for Editor in 0.00 ms.
Unloading 2249 Unused Serialized files (Serialized files now loaded: 0)
System memory in use before: 103.4 MB.
System memory in use after: 103.6 MB.

Unloading 8 unused Assets to reduce memory usage. Loaded Objects now: 2768.
Total: 2.782300 ms (FindLiveObjects: 0.330800 ms CreateObjectMapping: 0.067900 ms MarkObjects: 2.363900 ms  DeleteObjects: 0.017800 ms)

========================================================================
Received Prepare
Registering precompiled user dll's ...
Registered in 0.000912 seconds.
Begin MonoManager ReloadAssembly
Native extension for LinuxStandalone target not found
Native extension for WindowsStandalone target not found
Refreshing native plugins compatible for Editor in 0.47 ms, found 1 plugins.
Preloading 0 native plugins for Editor in 0.00 ms.
Invoked RoslynAnalysisRunner static constructor.
RoslynAnalysisRunner will not be running.
RoslynAnalysisRunner has terminated.
Mono: successfully reloaded assembly
- Completed reload, in  1.009 seconds
Platform modules already initialized, skipping
Refreshing native plugins compatible for Editor in 0.47 ms, found 1 plugins.
Preloading 0 native plugins for Editor in 0.00 ms.
Unloading 2249 Unused Serialized files (Serialized files now loaded: 0)
System memory in use before: 103.4 MB.
System memory in use after: 103.6 MB.

Unloading 8 unused Assets to reduce memory usage. Loaded Objects now: 2772.
Total: 2.511700 ms (FindLiveObjects: 0.289000 ms CreateObjectMapping: 0.074700 ms MarkObjects: 2.130800 ms  DeleteObjects: 0.015600 ms)

========================================================================
Received Prepare
Registering precompiled user dll's ...
Registered in 0.000977 seconds.
Begin MonoManager ReloadAssembly
Native extension for LinuxStandalone target not found
Native extension for WindowsStandalone target not found
Refreshing native plugins compatible for Editor in 0.47 ms, found 1 plugins.
Preloading 0 native plugins for Editor in 0.00 ms.
Invoked RoslynAnalysisRunner static constructor.
RoslynAnalysisRunner will not be running.
RoslynAnalysisRunner has terminated.
Mono: successfully reloaded assembly
- Completed reload, in  1.084 seconds
Platform modules already initialized, skipping
Refreshing native plugins compatible for Editor in 0.49 ms, found 1 plugins.
Preloading 0 native plugins for Editor in 0.00 ms.
Unloading 2249 Unused Serialized files (Serialized files now loaded: 0)
System memory in use before: 103.4 MB.
System memory in use after: 103.6 MB.

Unloading 8 unused Assets to reduce memory usage. Loaded Objects now: 2776.
Total: 2.340300 ms (FindLiveObjects: 0.302900 ms CreateObjectMapping: 0.070800 ms MarkObjects: 1.951300 ms  DeleteObjects: 0.013900 ms)

========================================================================
Received Prepare
Registering precompiled user dll's ...
Registered in 0.000867 seconds.
Begin MonoManager ReloadAssembly
Native extension for LinuxStandalone target not found
Native extension for WindowsStandalone target not found
Refreshing native plugins compatible for Editor in 0.58 ms, found 1 plugins.
Preloading 0 native plugins for Editor in 0.00 ms.
Invoked RoslynAnalysisRunner static constructor.
RoslynAnalysisRunner will not be running.
RoslynAnalysisRunner has terminated.
Mono: successfully reloaded assembly
- Completed reload, in  1.020 seconds
Platform modules already initialized, skipping
Refreshing native plugins compatible for Editor in 0.83 ms, found 1 plugins.
Preloading 0 native plugins for Editor in 0.00 ms.
Unloading 2249 Unused Serialized files (Serialized files now loaded: 0)
System memory in use before: 103.4 MB.
System memory in use after: 103.6 MB.

Unloading 8 unused Assets to reduce memory usage. Loaded Objects now: 2780.
Total: 3.559500 ms (FindLiveObjects: 0.890700 ms CreateObjectMapping: 0.185800 ms MarkObjects: 2.463000 ms  DeleteObjects: 0.017300 ms)

========================================================================
Received Prepare
Registering precompiled user dll's ...
Registered in 0.001422 seconds.
Begin MonoManager ReloadAssembly
Native extension for LinuxStandalone target not found
Native extension for WindowsStandalone target not found
Refreshing native plugins compatible for Editor in 1.00 ms, found 1 plugins.
Preloading 0 native plugins for Editor in 0.00 ms.
Invoked RoslynAnalysisRunner static constructor.
RoslynAnalysisRunner will not be running.
RoslynAnalysisRunner has terminated.
Mono: successfully reloaded assembly
- Completed reload, in  1.028 seconds
Platform modules already initialized, skipping
Refreshing native plugins compatible for Editor in 0.44 ms, found 1 plugins.
Preloading 0 native plugins for Editor in 0.00 ms.
Unloading 2249 Unused Serialized files (Serialized files now loaded: 0)
System memory in use before: 103.4 MB.
System memory in use after: 103.7 MB.

Unloading 8 unused Assets to reduce memory usage. Loaded Objects now: 2784.
Total: 2.904800 ms (FindLiveObjects: 0.439500 ms CreateObjectMapping: 0.072000 ms MarkObjects: 2.373800 ms  DeleteObjects: 0.018500 ms)

========================================================================
Received Prepare
Registering precompiled user dll's ...
Registered in 0.000998 seconds.
Begin MonoManager ReloadAssembly
Native extension for LinuxStandalone target not found
Native extension for WindowsStandalone target not found
Refreshing native plugins compatible for Editor in 0.51 ms, found 1 plugins.
Preloading 0 native plugins for Editor in 0.00 ms.
Invoked RoslynAnalysisRunner static constructor.
RoslynAnalysisRunner will not be running.
RoslynAnalysisRunner has terminated.
Mono: successfully reloaded assembly
- Completed reload, in  1.005 seconds
Platform modules already initialized, skipping
Refreshing native plugins compatible for Editor in 0.84 ms, found 1 plugins.
Preloading 0 native plugins for Editor in 0.00 ms.
Unloading 2249 Unused Serialized files (Serialized files now loaded: 0)
System memory in use before: 103.4 MB.
System memory in use after: 103.7 MB.

Unloading 8 unused Assets to reduce memory usage. Loaded Objects now: 2788.
Total: 2.961200 ms (FindLiveObjects: 0.557900 ms CreateObjectMapping: 0.067600 ms MarkObjects: 2.313300 ms  DeleteObjects: 0.019600 ms)

========================================================================
Received Prepare
Registering precompiled user dll's ...
Registered in 0.001289 seconds.
Begin MonoManager ReloadAssembly
Native extension for LinuxStandalone target not found
Native extension for WindowsStandalone target not found
Refreshing native plugins compatible for Editor in 0.50 ms, found 1 plugins.
Preloading 0 native plugins for Editor in 0.00 ms.
Invoked RoslynAnalysisRunner static constructor.
RoslynAnalysisRunner will not be running.
RoslynAnalysisRunner has terminated.
Mono: successfully reloaded assembly
- Completed reload, in  1.011 seconds
Platform modules already initialized, skipping
Refreshing native plugins compatible for Editor in 0.47 ms, found 1 plugins.
Preloading 0 native plugins for Editor in 0.00 ms.
Unloading 2249 Unused Serialized files (Serialized files now loaded: 0)
System memory in use before: 103.5 MB.
System memory in use after: 103.7 MB.

Unloading 8 unused Assets to reduce memory usage. Loaded Objects now: 2792.
Total: 2.395700 ms (FindLiveObjects: 0.298800 ms CreateObjectMapping: 0.059100 ms MarkObjects: 2.011600 ms  DeleteObjects: 0.025100 ms)

========================================================================
Received Prepare
Registering precompiled user dll's ...
Registered in 0.000875 seconds.
Begin MonoManager ReloadAssembly
Native extension for LinuxStandalone target not found
Native extension for WindowsStandalone target not found
Refreshing native plugins compatible for Editor in 0.50 ms, found 1 plugins.
Preloading 0 native plugins for Editor in 0.00 ms.
Invoked RoslynAnalysisRunner static constructor.
RoslynAnalysisRunner will not be running.
RoslynAnalysisRunner has terminated.
Mono: successfully reloaded assembly
- Completed reload, in  0.904 seconds
Platform modules already initialized, skipping
Refreshing native plugins compatible for Editor in 0.44 ms, found 1 plugins.
Preloading 0 native plugins for Editor in 0.00 ms.
Unloading 2249 Unused Serialized files (Serialized files now loaded: 0)
System memory in use before: 103.5 MB.
System memory in use after: 103.7 MB.

Unloading 8 unused Assets to reduce memory usage. Loaded Objects now: 2796.
Total: 2.486000 ms (FindLiveObjects: 0.276600 ms CreateObjectMapping: 0.057400 ms MarkObjects: 2.134800 ms  DeleteObjects: 0.016000 ms)

========================================================================
Received Prepare
Registering precompiled user dll's ...
Registered in 0.001569 seconds.
Begin MonoManager ReloadAssembly
Native extension for LinuxStandalone target not found
Native extension for WindowsStandalone target not found
Refreshing native plugins compatible for Editor in 0.44 ms, found 1 plugins.
Preloading 0 native plugins for Editor in 0.00 ms.
Invoked RoslynAnalysisRunner static constructor.
RoslynAnalysisRunner will not be running.
RoslynAnalysisRunner has terminated.
Mono: successfully reloaded assembly
- Completed reload, in  1.086 seconds
Platform modules already initialized, skipping
Refreshing native plugins compatible for Editor in 0.66 ms, found 1 plugins.
Preloading 0 native plugins for Editor in 0.00 ms.
Unloading 2249 Unused Serialized files (Serialized files now loaded: 0)
System memory in use before: 103.5 MB.
System memory in use after: 103.7 MB.

Unloading 8 unused Assets to reduce memory usage. Loaded Objects now: 2800.
Total: 2.412400 ms (FindLiveObjects: 0.273600 ms CreateObjectMapping: 0.057400 ms MarkObjects: 2.060900 ms  DeleteObjects: 0.019700 ms)

========================================================================
Received Import Request.
  Time since last request: 2541.126724 seconds.
  path: Assets/Sprites/Background/background.png
  artifactKey: Guid(9fef5ba1d29e3dc4dba11f6c30e5bb07) Importer(815301076,1909f56bfc062723c751e8b465ee728b)
Start importing Assets/Sprites/Background/background.png using Guid(9fef5ba1d29e3dc4dba11f6c30e5bb07) Importer(815301076,1909f56bfc062723c751e8b465ee728b)  -> (artifact id: '0df246c9474e913a99b188560de7fbdd') in 0.071036 seconds
  Import took 0.075667 seconds .

========================================================================
Received Import Request.
  Time since last request: 8.511983 seconds.
  path: Assets/Sprites/Background/background.png
  artifactKey: Guid(9fef5ba1d29e3dc4dba11f6c30e5bb07) Importer(815301076,1909f56bfc062723c751e8b465ee728b)
Start importing Assets/Sprites/Background/background.png using Guid(9fef5ba1d29e3dc4dba11f6c30e5bb07) Importer(815301076,1909f56bfc062723c751e8b465ee728b)  -> (artifact id: '5c4d27a3a3e415e72511543ef0ad4618') in 0.021307 seconds
  Import took 0.025812 seconds .

========================================================================
Received Prepare
Registering precompiled user dll's ...
Registered in 0.001059 seconds.
Begin MonoManager ReloadAssembly
Native extension for LinuxStandalone target not found
Native extension for WindowsStandalone target not found
Refreshing native plugins compatible for Editor in 0.47 ms, found 1 plugins.
Preloading 0 native plugins for Editor in 0.00 ms.
Invoked RoslynAnalysisRunner static constructor.
RoslynAnalysisRunner will not be running.
RoslynAnalysisRunner has terminated.
Mono: successfully reloaded assembly
- Completed reload, in  0.983 seconds
Platform modules already initialized, skipping
Refreshing native plugins compatible for Editor in 0.72 ms, found 1 plugins.
Preloading 0 native plugins for Editor in 0.00 ms.
Unloading 2249 Unused Serialized files (Serialized files now loaded: 0)
System memory in use before: 103.5 MB.
System memory in use after: 103.7 MB.

Unloading 8 unused Assets to reduce memory usage. Loaded Objects now: 2805.
Total: 5.021600 ms (FindLiveObjects: 0.272300 ms CreateObjectMapping: 0.066400 ms MarkObjects: 4.661700 ms  DeleteObjects: 0.019400 ms)

========================================================================
Received Prepare
Refreshing native plugins compatible for Editor in 1.77 ms, found 1 plugins.
Preloading 0 native plugins for Editor in 0.00 ms.
Unloading 5 Unused Serialized files (Serialized files now loaded: 0)
System memory in use before: 59.0 MB.
System memory in use after: 59.3 MB.

Unloading 5 unused Assets to reduce memory usage. Loaded Objects now: 2805.
Total: 2.953900 ms (FindLiveObjects: 0.318100 ms CreateObjectMapping: 0.067800 ms MarkObjects: 2.546900 ms  DeleteObjects: 0.019400 ms)

========================================================================
Received Import Request.
  Time since last request: 506.765736 seconds.
  path: Assets/Scripts/Player/CharacterController2D.cs
  artifactKey: Guid(b15c0aef27455b746a3833d2b5002d81) Importer(815301076,1909f56bfc062723c751e8b465ee728b)
Start importing Assets/Scripts/Player/CharacterController2D.cs using Guid(b15c0aef27455b746a3833d2b5002d81) Importer(815301076,1909f56bfc062723c751e8b465ee728b)  -> (artifact id: '9d1d43e31101dd86611dcabdeee7f02e') in 0.025884 seconds
  Import took 0.030376 seconds .

========================================================================
Received Prepare
Registering precompiled user dll's ...
Registered in 0.000974 seconds.
Begin MonoManager ReloadAssembly
Native extension for LinuxStandalone target not found
Native extension for WindowsStandalone target not found
Refreshing native plugins compatible for Editor in 0.53 ms, found 1 plugins.
Preloading 0 native plugins for Editor in 0.00 ms.
Invoked RoslynAnalysisRunner static constructor.
RoslynAnalysisRunner will not be running.
RoslynAnalysisRunner has terminated.
Mono: successfully reloaded assembly
- Completed reload, in  1.012 seconds
Platform modules already initialized, skipping
Refreshing native plugins compatible for Editor in 0.43 ms, found 1 plugins.
Preloading 0 native plugins for Editor in 0.00 ms.
Unloading 2249 Unused Serialized files (Serialized files now loaded: 0)
System memory in use before: 103.5 MB.
System memory in use after: 103.7 MB.

Unloading 8 unused Assets to reduce memory usage. Loaded Objects now: 2809.
Total: 2.868000 ms (FindLiveObjects: 0.392100 ms CreateObjectMapping: 0.073000 ms MarkObjects: 2.386200 ms  DeleteObjects: 0.015000 ms)

========================================================================
Received Import Request.
  Time since last request: 71.764160 seconds.
  path: Assets/Scripts/Player/CharacterController2D.cs
  artifactKey: Guid(b15c0aef27455b746a3833d2b5002d81) Importer(815301076,1909f56bfc062723c751e8b465ee728b)
Start importing Assets/Scripts/Player/CharacterController2D.cs using Guid(b15c0aef27455b746a3833d2b5002d81) Importer(815301076,1909f56bfc062723c751e8b465ee728b)  -> (artifact id: '80542a9cb7b349faeafb85302eac3038') in 0.004916 seconds
  Import took 0.008188 seconds .

========================================================================
Received Prepare
Registering precompiled user dll's ...
Registered in 0.000943 seconds.
Begin MonoManager ReloadAssembly
Native extension for LinuxStandalone target not found
Native extension for WindowsStandalone target not found
Refreshing native plugins compatible for Editor in 0.45 ms, found 1 plugins.
Preloading 0 native plugins for Editor in 0.00 ms.
Invoked RoslynAnalysisRunner static constructor.
RoslynAnalysisRunner will not be running.
RoslynAnalysisRunner has terminated.
Mono: successfully reloaded assembly
- Completed reload, in  0.978 seconds
Platform modules already initialized, skipping
Refreshing native plugins compatible for Editor in 0.50 ms, found 1 plugins.
Preloading 0 native plugins for Editor in 0.00 ms.
Unloading 2249 Unused Serialized files (Serialized files now loaded: 0)
System memory in use before: 103.5 MB.
System memory in use after: 103.7 MB.

Unloading 8 unused Assets to reduce memory usage. Loaded Objects now: 2813.
Total: 2.767700 ms (FindLiveObjects: 0.329800 ms CreateObjectMapping: 0.071000 ms MarkObjects: 2.343400 ms  DeleteObjects: 0.022200 ms)

========================================================================
Received Prepare
Registering precompiled user dll's ...
Registered in 0.000931 seconds.
Begin MonoManager ReloadAssembly
Native extension for LinuxStandalone target not found
Native extension for WindowsStandalone target not found
Refreshing native plugins compatible for Editor in 0.44 ms, found 1 plugins.
Preloading 0 native plugins for Editor in 0.00 ms.
Invoked RoslynAnalysisRunner static constructor.
RoslynAnalysisRunner will not be running.
RoslynAnalysisRunner has terminated.
Mono: successfully reloaded assembly
- Completed reload, in  0.989 seconds
Platform modules already initialized, skipping
Refreshing native plugins compatible for Editor in 1.06 ms, found 1 plugins.
Preloading 0 native plugins for Editor in 0.00 ms.
Unloading 2249 Unused Serialized files (Serialized files now loaded: 0)
System memory in use before: 103.5 MB.
System memory in use after: 103.7 MB.

Unloading 8 unused Assets to reduce memory usage. Loaded Objects now: 2817.
Total: 2.527700 ms (FindLiveObjects: 0.287700 ms CreateObjectMapping: 0.061200 ms MarkObjects: 2.161300 ms  DeleteObjects: 0.016400 ms)

========================================================================
Received Prepare
Registering precompiled user dll's ...
Registered in 0.001004 seconds.
Begin MonoManager ReloadAssembly
Native extension for LinuxStandalone target not found
Native extension for WindowsStandalone target not found
Refreshing native plugins compatible for Editor in 0.45 ms, found 1 plugins.
Preloading 0 native plugins for Editor in 0.00 ms.
Invoked RoslynAnalysisRunner static constructor.
RoslynAnalysisRunner will not be running.
RoslynAnalysisRunner has terminated.
Mono: successfully reloaded assembly
- Completed reload, in  1.014 seconds
Platform modules already initialized, skipping
Refreshing native plugins compatible for Editor in 0.45 ms, found 1 plugins.
Preloading 0 native plugins for Editor in 0.00 ms.
Unloading 2249 Unused Serialized files (Serialized files now loaded: 0)
System memory in use before: 103.5 MB.
System memory in use after: 103.8 MB.

Unloading 8 unused Assets to reduce memory usage. Loaded Objects now: 2821.
Total: 2.362300 ms (FindLiveObjects: 0.283800 ms CreateObjectMapping: 0.060000 ms MarkObjects: 2.003100 ms  DeleteObjects: 0.014500 ms)

========================================================================
Received Import Request.
  Time since last request: 1174.418901 seconds.
  path: Assets/Scripts/Interaction
  artifactKey: Guid(acbcd09df35052643981bc69ab412f44) Importer(815301076,1909f56bfc062723c751e8b465ee728b)
Start importing Assets/Scripts/Interaction using Guid(acbcd09df35052643981bc69ab412f44) Importer(815301076,1909f56bfc062723c751e8b465ee728b)  -> (artifact id: '3c40a0ca56e38f22d397ee08f041b2dd') in 0.012045 seconds
  Import took 0.016120 seconds .

========================================================================
Received Prepare
Registering precompiled user dll's ...
Registered in 0.001559 seconds.
Begin MonoManager ReloadAssembly
Native extension for LinuxStandalone target not found
Native extension for WindowsStandalone target not found
Refreshing native plugins compatible for Editor in 0.52 ms, found 1 plugins.
Preloading 0 native plugins for Editor in 0.00 ms.
Invoked RoslynAnalysisRunner static constructor.
RoslynAnalysisRunner will not be running.
RoslynAnalysisRunner has terminated.
Mono: successfully reloaded assembly
- Completed reload, in  0.964 seconds
Platform modules already initialized, skipping
Refreshing native plugins compatible for Editor in 0.46 ms, found 1 plugins.
Preloading 0 native plugins for Editor in 0.00 ms.
Unloading 2249 Unused Serialized files (Serialized files now loaded: 0)
System memory in use before: 103.5 MB.
System memory in use after: 103.8 MB.

Unloading 8 unused Assets to reduce memory usage. Loaded Objects now: 2825.
Total: 2.310200 ms (FindLiveObjects: 0.290900 ms CreateObjectMapping: 0.065900 ms MarkObjects: 1.938300 ms  DeleteObjects: 0.014300 ms)

========================================================================
Received Prepare
Registering precompiled user dll's ...
Registered in 0.000942 seconds.
Begin MonoManager ReloadAssembly
Native extension for LinuxStandalone target not found
Native extension for WindowsStandalone target not found
Refreshing native plugins compatible for Editor in 0.44 ms, found 1 plugins.
Preloading 0 native plugins for Editor in 0.00 ms.
Invoked RoslynAnalysisRunner static constructor.
RoslynAnalysisRunner will not be running.
RoslynAnalysisRunner has terminated.
Mono: successfully reloaded assembly
- Completed reload, in  0.921 seconds
Platform modules already initialized, skipping
Refreshing native plugins compatible for Editor in 0.45 ms, found 1 plugins.
Preloading 0 native plugins for Editor in 0.00 ms.
Unloading 2249 Unused Serialized files (Serialized files now loaded: 0)
System memory in use before: 103.6 MB.
System memory in use after: 103.8 MB.

Unloading 8 unused Assets to reduce memory usage. Loaded Objects now: 2829.
Total: 2.877400 ms (FindLiveObjects: 0.418000 ms CreateObjectMapping: 0.073800 ms MarkObjects: 2.367000 ms  DeleteObjects: 0.017400 ms)

========================================================================
Received Import Request.
  Time since last request: 231.219758 seconds.
  path: Assets/Scripts/Interaction/Interactable.cs
  artifactKey: Guid(4cc0ab4796b27e84e826ac1252883916) Importer(815301076,1909f56bfc062723c751e8b465ee728b)
Start importing Assets/Scripts/Interaction/Interactable.cs using Guid(4cc0ab4796b27e84e826ac1252883916) Importer(815301076,1909f56bfc062723c751e8b465ee728b)  -> (artifact id: '460731f1fbd15a0f344f1edee6a75a26') in 0.012671 seconds
  Import took 0.016970 seconds .

========================================================================
Received Import Request.
  Time since last request: 0.007682 seconds.
  path: Assets/Scripts/Interaction/Interactable.cs
  artifactKey: Guid(4cc0ab4796b27e84e826ac1252883916) Importer(815301076,1909f56bfc062723c751e8b465ee728b)
Start importing Assets/Scripts/Interaction/Interactable.cs using Guid(4cc0ab4796b27e84e826ac1252883916) Importer(815301076,1909f56bfc062723c751e8b465ee728b)  -> (artifact id: '460731f1fbd15a0f344f1edee6a75a26') in 0.003024 seconds
  Import took 0.009272 seconds .

========================================================================
Received Prepare
Registering precompiled user dll's ...
Registered in 0.001048 seconds.
Begin MonoManager ReloadAssembly
Native extension for LinuxStandalone target not found
Native extension for WindowsStandalone target not found
Refreshing native plugins compatible for Editor in 0.87 ms, found 1 plugins.
Preloading 0 native plugins for Editor in 0.00 ms.
Invoked RoslynAnalysisRunner static constructor.
RoslynAnalysisRunner will not be running.
RoslynAnalysisRunner has terminated.
Mono: successfully reloaded assembly
- Completed reload, in  1.028 seconds
Platform modules already initialized, skipping
Refreshing native plugins compatible for Editor in 0.51 ms, found 1 plugins.
Preloading 0 native plugins for Editor in 0.00 ms.
Unloading 2250 Unused Serialized files (Serialized files now loaded: 0)
System memory in use before: 103.6 MB.
System memory in use after: 103.8 MB.

Unloading 8 unused Assets to reduce memory usage. Loaded Objects now: 2834.
Total: 2.734300 ms (FindLiveObjects: 0.403100 ms CreateObjectMapping: 0.068400 ms MarkObjects: 2.245000 ms  DeleteObjects: 0.016500 ms)

========================================================================
Received Prepare
Registering precompiled user dll's ...
Registered in 0.001007 seconds.
Begin MonoManager ReloadAssembly
Native extension for LinuxStandalone target not found
Native extension for WindowsStandalone target not found
Refreshing native plugins compatible for Editor in 0.44 ms, found 1 plugins.
Preloading 0 native plugins for Editor in 0.00 ms.
Invoked RoslynAnalysisRunner static constructor.
RoslynAnalysisRunner will not be running.
RoslynAnalysisRunner has terminated.
Mono: successfully reloaded assembly
- Completed reload, in  0.937 seconds
Platform modules already initialized, skipping
Refreshing native plugins compatible for Editor in 0.47 ms, found 1 plugins.
Preloading 0 native plugins for Editor in 0.00 ms.
Unloading 2250 Unused Serialized files (Serialized files now loaded: 0)
System memory in use before: 103.6 MB.
System memory in use after: 103.8 MB.

Unloading 8 unused Assets to reduce memory usage. Loaded Objects now: 2838.
Total: 2.552300 ms (FindLiveObjects: 0.281300 ms CreateObjectMapping: 0.061300 ms MarkObjects: 2.189800 ms  DeleteObjects: 0.018800 ms)

========================================================================
Received Import Request.
  Time since last request: 232.381165 seconds.
  path: Assets/Scripts/Interaction/Interactable.cs
  artifactKey: Guid(4cc0ab4796b27e84e826ac1252883916) Importer(815301076,1909f56bfc062723c751e8b465ee728b)
Start importing Assets/Scripts/Interaction/Interactable.cs using Guid(4cc0ab4796b27e84e826ac1252883916) Importer(815301076,1909f56bfc062723c751e8b465ee728b)  -> (artifact id: '08982311dcbdc94225ebb7ad132759a4') in 0.005292 seconds
  Import took 0.008823 seconds .

========================================================================
Received Import Request.
  Time since last request: 27.459532 seconds.
  path: Assets/Scripts/Interaction/InteractionTest.cs
  artifactKey: Guid(ed7c8690a3cbf3e41a7f87b27af2400e) Importer(815301076,1909f56bfc062723c751e8b465ee728b)
Start importing Assets/Scripts/Interaction/InteractionTest.cs using Guid(ed7c8690a3cbf3e41a7f87b27af2400e) Importer(815301076,1909f56bfc062723c751e8b465ee728b)  -> (artifact id: 'a7b7bb64409711697c9c9d2a9d2fdc0a') in 0.006995 seconds
  Import took 0.010731 seconds .

========================================================================
Received Prepare
Registering precompiled user dll's ...
Registered in 0.001072 seconds.
Begin MonoManager ReloadAssembly
Native extension for LinuxStandalone target not found
Native extension for WindowsStandalone target not found
Refreshing native plugins compatible for Editor in 0.44 ms, found 1 plugins.
Preloading 0 native plugins for Editor in 0.00 ms.
Invoked RoslynAnalysisRunner static constructor.
RoslynAnalysisRunner will not be running.
RoslynAnalysisRunner has terminated.
Mono: successfully reloaded assembly
- Completed reload, in  1.066 seconds
Platform modules already initialized, skipping
Refreshing native plugins compatible for Editor in 0.51 ms, found 1 plugins.
Preloading 0 native plugins for Editor in 0.00 ms.
Unloading 2251 Unused Serialized files (Serialized files now loaded: 0)
System memory in use before: 103.6 MB.
System memory in use after: 103.8 MB.

Unloading 8 unused Assets to reduce memory usage. Loaded Objects now: 2843.
Total: 3.949300 ms (FindLiveObjects: 0.335400 ms CreateObjectMapping: 0.061800 ms MarkObjects: 3.522800 ms  DeleteObjects: 0.027900 ms)

========================================================================
Received Prepare
Registering precompiled user dll's ...
Registered in 0.000881 seconds.
Begin MonoManager ReloadAssembly
Native extension for LinuxStandalone target not found
Native extension for WindowsStandalone target not found
Refreshing native plugins compatible for Editor in 0.44 ms, found 1 plugins.
Preloading 0 native plugins for Editor in 0.00 ms.
Invoked RoslynAnalysisRunner static constructor.
RoslynAnalysisRunner will not be running.
RoslynAnalysisRunner has terminated.
Mono: successfully reloaded assembly
- Completed reload, in  0.994 seconds
Platform modules already initialized, skipping
Refreshing native plugins compatible for Editor in 0.48 ms, found 1 plugins.
Preloading 0 native plugins for Editor in 0.00 ms.
Unloading 2251 Unused Serialized files (Serialized files now loaded: 0)
System memory in use before: 103.6 MB.
System memory in use after: 103.9 MB.

Unloading 8 unused Assets to reduce memory usage. Loaded Objects now: 2847.
Total: 2.870500 ms (FindLiveObjects: 0.320600 ms CreateObjectMapping: 0.068200 ms MarkObjects: 2.459300 ms  DeleteObjects: 0.021100 ms)

========================================================================
Received Import Request.
  Time since last request: 179.692859 seconds.
  path: Assets/Scripts/Interaction/InteractionTest.cs
  artifactKey: Guid(ed7c8690a3cbf3e41a7f87b27af2400e) Importer(815301076,1909f56bfc062723c751e8b465ee728b)
Start importing Assets/Scripts/Interaction/InteractionTest.cs using Guid(ed7c8690a3cbf3e41a7f87b27af2400e) Importer(815301076,1909f56bfc062723c751e8b465ee728b)  -> (artifact id: '5475772e5b43caaf9f22fc3a6a9100d7') in 0.005439 seconds
  Import took 0.009053 seconds .

========================================================================
Received Prepare
Registering precompiled user dll's ...
Registered in 0.001040 seconds.
Begin MonoManager ReloadAssembly
Native extension for LinuxStandalone target not found
Native extension for WindowsStandalone target not found
Refreshing native plugins compatible for Editor in 0.44 ms, found 1 plugins.
Preloading 0 native plugins for Editor in 0.00 ms.
Invoked RoslynAnalysisRunner static constructor.
RoslynAnalysisRunner will not be running.
RoslynAnalysisRunner has terminated.
Mono: successfully reloaded assembly
- Completed reload, in  0.939 seconds
Platform modules already initialized, skipping
Refreshing native plugins compatible for Editor in 0.55 ms, found 1 plugins.
Preloading 0 native plugins for Editor in 0.00 ms.
Unloading 2251 Unused Serialized files (Serialized files now loaded: 0)
System memory in use before: 103.6 MB.
System memory in use after: 103.9 MB.

Unloading 8 unused Assets to reduce memory usage. Loaded Objects now: 2851.
Total: 2.620500 ms (FindLiveObjects: 0.285500 ms CreateObjectMapping: 0.058600 ms MarkObjects: 2.258800 ms  DeleteObjects: 0.016300 ms)

========================================================================
Received Import Request.
  Time since last request: 325.523141 seconds.
  path: Assets/Sprites/Player/jump_anim/player_jumpt1.png
  artifactKey: Guid(2371690ae08092e4c80fed701090feb0) Importer(815301076,1909f56bfc062723c751e8b465ee728b)
Start importing Assets/Sprites/Player/jump_anim/player_jumpt1.png using Guid(2371690ae08092e4c80fed701090feb0) Importer(815301076,1909f56bfc062723c751e8b465ee728b)  -> (artifact id: '6d8c2af1aaf34cc3c31cc496656205c5') in 0.061761 seconds
  Import took 0.065473 seconds .

========================================================================
Received Import Request.
  Time since last request: 0.000335 seconds.
  path: Assets/Sprites/Player/jump_anim/player_jumpt1.png
  artifactKey: Guid(2371690ae08092e4c80fed701090feb0) Importer(815301076,1909f56bfc062723c751e8b465ee728b)
Start importing Assets/Sprites/Player/jump_anim/player_jumpt1.png using Guid(2371690ae08092e4c80fed701090feb0) Importer(815301076,1909f56bfc062723c751e8b465ee728b)  -> (artifact id: '6d8c2af1aaf34cc3c31cc496656205c5') in 0.009877 seconds
  Import took 0.013620 seconds .

========================================================================
Received Import Request.
  Time since last request: 2.447448 seconds.
  path: Assets/Sprites/Player/jump_anim/player_jumpt9.png
  artifactKey: Guid(1df8ba1a537d21848a7cb466051dd4f4) Importer(815301076,1909f56bfc062723c751e8b465ee728b)
Start importing Assets/Sprites/Player/jump_anim/player_jumpt9.png using Guid(1df8ba1a537d21848a7cb466051dd4f4) Importer(815301076,1909f56bfc062723c751e8b465ee728b)  -> (artifact id: '3d4ee3f19a4ff39ced718937e9fa8da7') in 0.011732 seconds
  Import took 0.015352 seconds .

========================================================================
Received Prepare
Registering precompiled user dll's ...
Registered in 0.001543 seconds.
Begin MonoManager ReloadAssembly
Native extension for LinuxStandalone target not found
Native extension for WindowsStandalone target not found
Refreshing native plugins compatible for Editor in 0.45 ms, found 1 plugins.
Preloading 0 native plugins for Editor in 0.00 ms.
Invoked RoslynAnalysisRunner static constructor.
RoslynAnalysisRunner will not be running.
RoslynAnalysisRunner has terminated.
Mono: successfully reloaded assembly
- Completed reload, in  0.910 seconds
Platform modules already initialized, skipping
Refreshing native plugins compatible for Editor in 0.45 ms, found 1 plugins.
Preloading 0 native plugins for Editor in 0.00 ms.
Unloading 2251 Unused Serialized files (Serialized files now loaded: 0)
System memory in use before: 103.7 MB.
System memory in use after: 103.9 MB.

Unloading 8 unused Assets to reduce memory usage. Loaded Objects now: 2858.
Total: 2.338900 ms (FindLiveObjects: 0.293700 ms CreateObjectMapping: 0.063300 ms MarkObjects: 1.966500 ms  DeleteObjects: 0.014500 ms)

========================================================================
Received Prepare
Registering precompiled user dll's ...
Registered in 0.000893 seconds.
Begin MonoManager ReloadAssembly
Native extension for LinuxStandalone target not found
Native extension for WindowsStandalone target not found
Refreshing native plugins compatible for Editor in 0.45 ms, found 1 plugins.
Preloading 0 native plugins for Editor in 0.00 ms.
Invoked RoslynAnalysisRunner static constructor.
RoslynAnalysisRunner will not be running.
RoslynAnalysisRunner has terminated.
Mono: successfully reloaded assembly
- Completed reload, in  0.943 seconds
Platform modules already initialized, skipping
Refreshing native plugins compatible for Editor in 1.12 ms, found 1 plugins.
Preloading 0 native plugins for Editor in 0.00 ms.
Unloading 2251 Unused Serialized files (Serialized files now loaded: 0)
System memory in use before: 103.7 MB.
System memory in use after: 103.9 MB.

Unloading 8 unused Assets to reduce memory usage. Loaded Objects now: 2862.
Total: 4.377100 ms (FindLiveObjects: 0.471800 ms CreateObjectMapping: 0.118300 ms MarkObjects: 3.754300 ms  DeleteObjects: 0.030600 ms)

========================================================================
Received Prepare
Registering precompiled user dll's ...
Registered in 0.001051 seconds.
Begin MonoManager ReloadAssembly
Native extension for LinuxStandalone target not found
Native extension for WindowsStandalone target not found
Refreshing native plugins compatible for Editor in 0.74 ms, found 1 plugins.
Preloading 0 native plugins for Editor in 0.00 ms.
Invoked RoslynAnalysisRunner static constructor.
RoslynAnalysisRunner will not be running.
RoslynAnalysisRunner has terminated.
Mono: successfully reloaded assembly
- Completed reload, in  1.054 seconds
Platform modules already initialized, skipping
Refreshing native plugins compatible for Editor in 0.48 ms, found 1 plugins.
Preloading 0 native plugins for Editor in 0.00 ms.
Unloading 2251 Unused Serialized files (Serialized files now loaded: 0)
System memory in use before: 103.7 MB.
System memory in use after: 103.9 MB.

Unloading 8 unused Assets to reduce memory usage. Loaded Objects now: 2866.
Total: 2.679500 ms (FindLiveObjects: 0.304600 ms CreateObjectMapping: 0.061700 ms MarkObjects: 2.293700 ms  DeleteObjects: 0.018300 ms)

AssetImportWorkerClient::OnTransportError - code=2 error=End of file
